
[INFO] 22:57:10:576 TP0/(12012:12012): Hola! Soy un log

[INFO] 22:57:10:576 TP0/(12012:12012): valor
[INFO] 23:01:00:455 TP0/(12576:12576): Hola! Soy un log

[INFO] 23:01:00:455 TP0/(12576:12576): valor
[INFO] 23:01:03:712 TP0/(12576:12576): hola
[INFO] 23:01:05:159 TP0/(12576:12576): soy
[INFO] 23:01:06:800 TP0/(12576:12576): agustin
[INFO] 23:23:01:155 TP0/(13681:13681): Hola! Soy un log

[INFO] 23:23:01:158 TP0/(13681:13681): valor
[INFO] 23:23:03:164 TP0/(13681:13681): hola
[INFO] 23:28:38:618 TP0/(14570:14570): Hola! Soy un log

[INFO] 23:28:38:621 TP0/(14570:14570): valor
[INFO] 23:28:44:845 TP0/(14570:14570): hola
[INFO] 23:28:46:442 TP0/(14570:14570): como estas
[INFO] 23:28:52:601 TP0/(14570:14570): chau
[INFO] 23:31:44:263 TP0/(15006:15006): Hola! Soy un log

[INFO] 23:31:44:264 TP0/(15006:15006): valor
[INFO] 23:31:49:135 TP0/(15006:15006): gil
[INFO] 23:38:35:879 TP0/(15891:15891): Hola! Soy un log

[INFO] 23:38:35:883 TP0/(15891:15891): valor
[INFO] 23:38:38:545 TP0/(15891:15891): chau
[INFO] 23:49:12:022 TP0/(17309:17309): Hola! Soy un log

[INFO] 23:49:12:024 TP0/(17309:17309): valor
[INFO] 23:49:21:274 TP0/(17309:17309): esto se loguea 
